mode: set
github.com/Justintime50/alchemist/v4/src/brew/backup.go:14.15,36.2 14 0
github.com/Justintime50/alchemist/v4/src/brew/backup.go:39.58,45.25 5 1
github.com/Justintime50/alchemist/v4/src/brew/backup.go:45.25,49.3 3 1
github.com/Justintime50/alchemist/v4/src/brew/backup.go:51.2,51.21 1 1
github.com/Justintime50/alchemist/v4/src/brew/backup.go:55.66,61.29 5 1
github.com/Justintime50/alchemist/v4/src/brew/backup.go:61.29,65.3 3 1
github.com/Justintime50/alchemist/v4/src/brew/backup.go:67.2,67.25 1 1
github.com/Justintime50/alchemist/v4/src/brew/backup.go:71.60,77.26 5 1
github.com/Justintime50/alchemist/v4/src/brew/backup.go:77.26,81.3 3 1
github.com/Justintime50/alchemist/v4/src/brew/backup.go:83.2,83.22 1 1
github.com/Justintime50/alchemist/v4/src/brew/backup.go:87.57,89.16 2 0
github.com/Justintime50/alchemist/v4/src/brew/backup.go:89.16,90.13 1 0
github.com/Justintime50/alchemist/v4/src/brew/backup.go:92.2,94.26 2 0
github.com/Justintime50/alchemist/v4/src/brew/backup.go:94.26,97.3 2 0
github.com/Justintime50/alchemist/v4/src/brew/backup.go:99.2,100.16 2 0
github.com/Justintime50/alchemist/v4/src/brew/backup.go:100.16,102.3 1 0
github.com/Justintime50/alchemist/v4/src/brew/update.go:15.26,24.19 7 0
github.com/Justintime50/alchemist/v4/src/brew/update.go:24.19,27.3 2 0
github.com/Justintime50/alchemist/v4/src/brew/update.go:27.8,31.3 3 0
github.com/Justintime50/alchemist/v4/src/brew/update.go:33.2,35.20 3 0
github.com/Justintime50/alchemist/v4/src/brew/update.go:35.20,38.3 2 0
github.com/Justintime50/alchemist/v4/src/brew/update.go:38.8,42.3 3 0
github.com/Justintime50/alchemist/v4/src/brew/update.go:44.2,44.30 1 0
github.com/Justintime50/alchemist/v4/src/brew/update.go:44.30,47.13 3 0
github.com/Justintime50/alchemist/v4/src/brew/update.go:47.13,49.4 1 0
github.com/Justintime50/alchemist/v4/src/brew/update.go:50.3,52.95 2 0
github.com/Justintime50/alchemist/v4/src/brew/update.go:52.95,55.4 2 0
github.com/Justintime50/alchemist/v4/src/brew/update.go:55.9,59.4 3 0
github.com/Justintime50/alchemist/v4/src/brew/update.go:62.2,64.20 3 0
github.com/Justintime50/alchemist/v4/src/brew/update.go:64.20,67.3 2 0
github.com/Justintime50/alchemist/v4/src/brew/update.go:67.8,71.3 3 0
github.com/Justintime50/alchemist/v4/src/brew/update.go:73.2,75.20 3 0
github.com/Justintime50/alchemist/v4/src/brew/update.go:75.20,78.3 2 0
github.com/Justintime50/alchemist/v4/src/brew/update.go:78.8,82.3 3 0
github.com/Justintime50/alchemist/v4/src/brew/update.go:84.2,84.53 1 0
github.com/Justintime50/alchemist/v4/src/general/general.go:14.103,21.16 7 1
github.com/Justintime50/alchemist/v4/src/general/general.go:21.16,23.3 1 1
github.com/Justintime50/alchemist/v4/src/general/general.go:25.2,25.18 1 1
github.com/Justintime50/alchemist/v4/src/general/general.go:29.34,31.16 2 1
github.com/Justintime50/alchemist/v4/src/general/general.go:31.16,32.13 1 0
github.com/Justintime50/alchemist/v4/src/general/general.go:34.2,37.27 3 1
github.com/Justintime50/alchemist/v4/src/general/general.go:41.53,51.2 3 0
github.com/Justintime50/alchemist/v4/src/choco/backup.go:14.15,27.2 8 0
github.com/Justintime50/alchemist/v4/src/choco/backup.go:30.77,36.29 5 1
github.com/Justintime50/alchemist/v4/src/choco/backup.go:36.29,40.3 3 1
github.com/Justintime50/alchemist/v4/src/choco/backup.go:42.2,42.25 1 1
github.com/Justintime50/alchemist/v4/src/choco/backup.go:46.59,48.16 2 0
github.com/Justintime50/alchemist/v4/src/choco/backup.go:48.16,49.13 1 0
github.com/Justintime50/alchemist/v4/src/choco/backup.go:51.2,53.26 2 0
github.com/Justintime50/alchemist/v4/src/choco/backup.go:53.26,56.3 2 0
github.com/Justintime50/alchemist/v4/src/choco/update.go:13.15,22.19 7 0
github.com/Justintime50/alchemist/v4/src/choco/update.go:22.19,25.3 2 0
github.com/Justintime50/alchemist/v4/src/choco/update.go:25.8,29.3 3 0
github.com/Justintime50/alchemist/v4/src/choco/update.go:31.2,31.54 1 0
github.com/Justintime50/alchemist/v4/main.go:14.13,15.31 1 0
github.com/Justintime50/alchemist/v4/main.go:15.31,20.19 4 0
github.com/Justintime50/alchemist/v4/main.go:20.19,23.4 2 0
github.com/Justintime50/alchemist/v4/main.go:23.9,23.26 1 0
github.com/Justintime50/alchemist/v4/main.go:23.26,26.4 2 0
github.com/Justintime50/alchemist/v4/main.go:28.3,29.13 2 0
github.com/Justintime50/alchemist/v4/main.go:30.8,36.18 5 0
github.com/Justintime50/alchemist/v4/main.go:36.18,39.4 2 0
github.com/Justintime50/alchemist/v4/main.go:39.9,39.25 1 0
github.com/Justintime50/alchemist/v4/main.go:39.25,42.4 2 0
github.com/Justintime50/alchemist/v4/main.go:44.3,45.13 2 0
